<?xml version="1.0" encoding="UTF-8" ?>
<testsuite tests="11" failures="0" name="uk.co.wowcher.service.impl.ClockServiceImplTest" time="0.014" errors="0" skipped="0">
  <properties>
[...]
</properties>
  <testcase classname="uk.co.wowcher.service.impl.ClockServiceImplTest" name="testCheckValidation_Midnight" time="0.007"/>
  <testcase classname="uk.co.wowcher.service.impl.ClockServiceImplTest" name="testFalseValidation" time="0"/>
  <testcase classname="uk.co.wowcher.service.impl.ClockServiceImplTest" name="testValidation_24H" time="0.001"/>
  <testcase classname="uk.co.wowcher.service.impl.ClockServiceImplTest" name="testCheckHours" time="0.001"/>
  <testcase classname="uk.co.wowcher.service.impl.ClockServiceImplTest" name="testValidation" time="0.001"/>
  <testcase classname="uk.co.wowcher.service.impl.ClockServiceImplTest" name="testCheckValidation_MiddayError" time="0.001"/>
  <testcase classname="uk.co.wowcher.service.impl.ClockServiceImplTest" name="testConvertTimeToWords" time="0.001"/>
  <testcase classname="uk.co.wowcher.service.impl.ClockServiceImplTest" name="testValidationMaptensToFifty" time="0.001"/>
  <testcase classname="uk.co.wowcher.service.impl.ClockServiceImplTest" name="testValidationMapOneToNine" time="0.001"/>
  <testcase classname="uk.co.wowcher.service.impl.ClockServiceImplTest" name="testCheckValidation_Midday" time="0"/>
  <testcase classname="uk.co.wowcher.service.impl.ClockServiceImplTest" name="testValidationMapOneTenToNineteen" time="0"/>
</testsuite>